# JRE version: OpenJDK Runtime Environment (8.0_76-b03) (build 1.8.0_76-release-b03)
# Java VM: OpenJDK 64-Bit Server VM (25.76-b03 mixed mode linux-amd64 compressed oops)
Heap:
 PSYoungGen      total 491008K, used 158672K [0x00000000e0000000, 0x0000000100000000, 0x0000000100000000)
  eden space 458240K, 34% used [0x00000000e0000000,0x00000000e9af4320,0x00000000fbf80000)
  from space 32768K, 0% used [0x00000000fbf80000,0x00000000fbf80000,0x00000000fdf80000)
  to   space 31232K, 0% used [0x00000000fe180000,0x00000000fe180000,0x0000000100000000)
 ParOldGen       total 130560K, used 38181K [0x00000000a0000000, 0x00000000a7f80000, 0x00000000e0000000)
  object space 130560K, 29% used [0x00000000a0000000,0x00000000a25495a8,0x00000000a7f80000)
 Metaspace       used 77533K, capacity 81144K, committed 83584K, reserved 1122304K
  class space    used 9632K, capacity 10123K, committed 10624K, reserved 1048576K
GC Heap History (10 events):
Event: 9429.254 GC heap before
{Heap before GC invocations=37 (full 10):
 PSYoungGen      total 492032K, used 473110K [0x00000000e0000000, 0x0000000100000000, 0x0000000100000000)
  eden space 460288K, 100% used [0x00000000e0000000,0x00000000fc180000,0x00000000fc180000)
  from space 31744K, 40% used [0x00000000fdf00000,0x00000000feb85b38,0x00000000ffe00000)
  to   space 30208K, 0% used [0x00000000fc180000,0x00000000fc180000,0x00000000fdf00000)
 ParOldGen       total 130560K, used 49505K [0x00000000a0000000, 0x00000000a7f80000, 0x00000000e0000000)
  object space 130560K, 37% used [0x00000000a0000000,0x00000000a3058408,0x00000000a7f80000)
 Metaspace       used 74099K, capacity 78690K, committed 78976K, reserved 1118208K
  class space    used 9313K, capacity 10041K, committed 10112K, reserved 1048576K
Event: 9429.267 GC heap after
Heap after GC invocations=37 (full 10):
 PSYoungGen      total 490496K, used 25473K [0x00000000e0000000, 0x0000000100000000, 0x0000000100000000)
  eden space 460288K, 0% used [0x00000000e0000000,0x00000000e0000000,0x00000000fc180000)
  from space 30208K, 84% used [0x00000000fc180000,0x00000000fda60490,0x00000000fdf00000)
  to   space 33280K, 0% used [0x00000000fdf80000,0x00000000fdf80000,0x0000000100000000)
 ParOldGen       total 130560K, used 49513K [0x00000000a0000000, 0x00000000a7f80000, 0x00000000e0000000)
  object space 130560K, 37% used [0x00000000a0000000,0x00000000a305a408,0x00000000a7f80000)
 Metaspace       used 74099K, capacity 78690K, committed 78976K, reserved 1118208K
  class space    used 9313K, capacity 10041K, committed 10112K, reserved 1048576K
}
Event: 9430.008 GC heap before
{Heap before GC invocations=38 (full 10):
 PSYoungGen      total 490496K, used 409764K [0x00000000e0000000, 0x0000000100000000, 0x0000000100000000)
  eden space 460288K, 83% used [0x00000000e0000000,0x00000000f7748c18,0x00000000fc180000)
  from space 30208K, 84% used [0x00000000fc180000,0x00000000fda60490,0x00000000fdf00000)
  to   space 33280K, 0% used [0x00000000fdf80000,0x00000000fdf80000,0x0000000100000000)
 ParOldGen       total 130560K, used 49513K [0x00000000a0000000, 0x00000000a7f80000, 0x00000000e0000000)
  object space 130560K, 37% used [0x00000000a0000000,0x00000000a305a408,0x00000000a7f80000)
 Metaspace       used 74183K, capacity 78814K, committed 79104K, reserved 1118208K
  class space    used 9319K, capacity 10051K, committed 10240K, reserved 1048576K
Event: 9430.013 GC heap after
Heap after GC invocations=38 (full 10):
 PSYoungGen      total 491520K, used 6399K [0x00000000e0000000, 0x0000000100000000, 0x0000000100000000)
  eden space 458240K, 0% used [0x00000000e0000000,0x00000000e0000000,0x00000000fbf80000)
  from space 33280K, 19% used [0x00000000fdf80000,0x00000000fe5bfe98,0x0000000100000000)
  to   space 32768K, 0% used [0x00000000fbf80000,0x00000000fbf80000,0x00000000fdf80000)
 ParOldGen       total 130560K, used 49521K [0x00000000a0000000, 0x00000000a7f80000, 0x00000000e0000000)
  object space 130560K, 37% used [0x00000000a0000000,0x00000000a305c408,0x00000000a7f80000)
 Metaspace       used 74183K, capacity 78814K, committed 79104K, reserved 1118208K
  class space    used 9319K, capacity 10051K, committed 10240K, reserved 1048576K
}
Event: 9430.013 GC heap before
{Heap before GC invocations=39 (full 11):
 PSYoungGen      total 491520K, used 6399K [0x00000000e0000000, 0x0000000100000000, 0x0000000100000000)
  eden space 458240K, 0% used [0x00000000e0000000,0x00000000e0000000,0x00000000fbf80000)
  from space 33280K, 19% used [0x00000000fdf80000,0x00000000fe5bfe98,0x0000000100000000)
  to   space 32768K, 0% used [0x00000000fbf80000,0x00000000fbf80000,0x00000000fdf80000)
 ParOldGen       total 130560K, used 49521K [0x00000000a0000000, 0x00000000a7f80000, 0x00000000e0000000)
  object space 130560K, 37% used [0x00000000a0000000,0x00000000a305c408,0x00000000a7f80000)
 Metaspace       used 74183K, capacity 78814K, committed 79104K, reserved 1118208K
  class space    used 9319K, capacity 10051K, committed 10240K, reserved 1048576K
Event: 9430.208 GC heap after
Heap after GC invocations=39 (full 11):
 PSYoungGen      total 491520K, used 0K [0x00000000e0000000, 0x0000000100000000, 0x0000000100000000)
  eden space 458240K, 0% used [0x00000000e0000000,0x00000000e0000000,0x00000000fbf80000)
  from space 33280K, 0% used [0x00000000fdf80000,0x00000000fdf80000,0x0000000100000000)
  to   space 32768K, 0% used [0x00000000fbf80000,0x00000000fbf80000,0x00000000fdf80000)
 ParOldGen       total 130560K, used 36351K [0x00000000a0000000, 0x00000000a7f80000, 0x00000000e0000000)
  object space 130560K, 27% used [0x00000000a0000000,0x00000000a237fc78,0x00000000a7f80000)
 Metaspace       used 71758K, capacity 74896K, committed 79104K, reserved 1118208K
  class space    used 8825K, capacity 9244K, committed 10240K, reserved 1048576K
}
Event: 9593.515 GC heap before
{Heap before GC invocations=40 (full 11):
 PSYoungGen      total 491520K, used 297901K [0x00000000e0000000, 0x0000000100000000, 0x0000000100000000)
  eden space 458240K, 65% used [0x00000000e0000000,0x00000000f22eb4f0,0x00000000fbf80000)
  from space 33280K, 0% used [0x00000000fdf80000,0x00000000fdf80000,0x0000000100000000)
  to   space 32768K, 0% used [0x00000000fbf80000,0x00000000fbf80000,0x00000000fdf80000)
 ParOldGen       total 130560K, used 36351K [0x00000000a0000000, 0x00000000a7f80000, 0x00000000e0000000)
  object space 130560K, 27% used [0x00000000a0000000,0x00000000a237fc78,0x00000000a7f80000)
 Metaspace       used 72068K, capacity 75448K, committed 79104K, reserved 1118208K
  class space    used 8865K, capacity 9310K, committed 10240K, reserved 1048576K
Event: 9593.521 GC heap after
Heap after GC invocations=40 (full 11):
 PSYoungGen      total 491008K, used 7825K [0x00000000e0000000, 0x0000000100000000, 0x0000000100000000)
  eden space 458240K, 0% used [0x00000000e0000000,0x00000000e0000000,0x00000000fbf80000)
  from space 32768K, 23% used [0x00000000fbf80000,0x00000000fc7245f0,0x00000000fdf80000)
  to   space 31232K, 0% used [0x00000000fe180000,0x00000000fe180000,0x0000000100000000)
 ParOldGen       total 130560K, used 36351K [0x00000000a0000000, 0x00000000a7f80000, 0x00000000e0000000)
  object space 130560K, 27% used [0x00000000a0000000,0x00000000a237fc78,0x00000000a7f80000)
 Metaspace       used 72068K, capacity 75448K, committed 79104K, reserved 1118208K
  class space    used 8865K, capacity 9310K, committed 10240K, reserved 1048576K
}
Event: 9593.521 GC heap before
{Heap before GC invocations=41 (full 12):
 PSYoungGen      total 491008K, used 7825K [0x00000000e0000000, 0x0000000100000000, 0x0000000100000000)
  eden space 458240K, 0% used [0x00000000e0000000,0x00000000e0000000,0x00000000fbf80000)
  from space 32768K, 23% used [0x00000000fbf80000,0x00000000fc7245f0,0x00000000fdf80000)
  to   space 31232K, 0% used [0x00000000fe180000,0x00000000fe180000,0x0000000100000000)
 ParOldGen       total 130560K, used 36351K [0x00000000a0000000, 0x00000000a7f80000, 0x00000000e0000000)
  object space 130560K, 27% used [0x00000000a0000000,0x00000000a237fc78,0x00000000a7f80000)
 Metaspace       used 72068K, capacity 75448K, committed 79104K, reserved 1118208K
  class space    used 8865K, capacity 9310K, committed 10240K, reserved 1048576K
Event: 9593.668 GC heap after
Heap after GC invocations=41 (full 12):
 PSYoungGen      total 491008K, used 0K [0x00000000e0000000, 0x0000000100000000, 0x0000000100000000)
  eden space 458240K, 0% used [0x00000000e0000000,0x00000000e0000000,0x00000000fbf80000)
  from space 32768K, 0% used [0x00000000fbf80000,0x00000000fbf80000,0x00000000fdf80000)
  to   space 31232K, 0% used [0x00000000fe180000,0x00000000fe180000,0x0000000100000000)
 ParOldGen       total 130560K, used 38181K [0x00000000a0000000, 0x00000000a7f80000, 0x00000000e0000000)
  object space 130560K, 29% used [0x00000000a0000000,0x00000000a25495a8,0x00000000a7f80000)
 Metaspace       used 72068K, capacity 75448K, committed 79104K, reserved 1118208K
  class space    used 8865K, capacity 9310K, committed 10240K, reserved 1048576K
}

